<?xml version="1.0" encoding="UTF-8"?>
<!-- Generated by org.testng.reporters.JUnitReportReporter -->
<testsuite hostname="DESKTOP-ICO179S" failures="0" tests="1" name="com.eBanking.testCases.TC_LoginTest_001" time="12.573" errors="0" timestamp="2023-08-11T17:57:14 IST" skipped="0">
  <testcase classname="com.eBanking.testCases.TC_LoginTest_001" name="LoginTest" time="12.573"/>
</testsuite> <!-- com.eBanking.testCases.TC_LoginTest_001 -->
